<?xml version="1.0" encoding="UTF-8"?>
<testng-results skipped="0" failed="0" total="1" passed="1">
  <reporter-output>
  </reporter-output>
  <suite name="Default suite" duration-ms="18673" started-at="2021-05-22T03:12:17Z" finished-at="2021-05-22T03:12:36Z">
    <groups>
    </groups>
    <test name="Default test" duration-ms="18673" started-at="2021-05-22T03:12:17Z" finished-at="2021-05-22T03:12:36Z">
      <class name="may22.CRM">
        <test-method status="PASS" signature="VerifyTest()[pri:0, instance:may22.CRM@cb5822]" name="VerifyTest" duration-ms="18644" started-at="2021-05-22T08:42:17Z" finished-at="2021-05-22T08:42:36Z">
          <reporter-output>
          </reporter-output>
        </test-method> <!-- VerifyTest -->
      </class> <!-- may22.CRM -->
    </test> <!-- Default test -->
  </suite> <!-- Default suite -->
</testng-results>
